[0.018s] Invoking command in '/home/petpooja-951/amrsim_ws/build/Waypoint-Guided-Autonomous-Robot---ROS': /usr/bin/cmake --build /home/petpooja-951/amrsim_ws/build/Waypoint-Guided-Autonomous-Robot---ROS -- -j8 -l8
[0.059s] -- Found ament_cmake: 1.3.14 (/opt/ros/humble/share/ament_cmake/cmake)
[0.297s] -- Found rclcpp: 16.0.19 (/opt/ros/humble/share/rclcpp/cmake)
[0.359s] -- Found rosidl_generator_c: 3.1.8 (/opt/ros/humble/share/rosidl_generator_c/cmake)
[0.364s] -- Found rosidl_adapter: 3.1.8 (/opt/ros/humble/share/rosidl_adapter/cmake)
[0.376s] -- Found rosidl_generator_cpp: 3.1.8 (/opt/ros/humble/share/rosidl_generator_cpp/cmake)
[0.396s] -- Using all available rosidl_typesupport_c: rosidl_typesupport_fastrtps_c;rosidl_typesupport_introspection_c
[0.418s] -- Using all available rosidl_typesupport_cpp: rosidl_typesupport_fastrtps_cpp;rosidl_typesupport_introspection_cpp
[0.483s] -- Found rmw_implementation_cmake: 6.1.2 (/opt/ros/humble/share/rmw_implementation_cmake/cmake)
[0.486s] -- Found rmw_fastrtps_cpp: 6.2.10 (/opt/ros/humble/share/rmw_fastrtps_cpp/cmake)
[0.677s] -- Using RMW implementation 'rmw_fastrtps_cpp' as default
[0.774s] -- Found rclcpp_action: 16.0.19 (/opt/ros/humble/share/rclcpp_action/cmake)
[0.827s] -- Found std_srvs: 4.9.1 (/opt/ros/humble/share/std_srvs/cmake)
[0.848s] -- Found geometry_msgs: 4.9.1 (/opt/ros/humble/share/geometry_msgs/cmake)
[0.875s] -- Found nav_msgs: 4.9.1 (/opt/ros/humble/share/nav_msgs/cmake)
[0.902s] -- Found sensor_msgs: 4.9.1 (/opt/ros/humble/share/sensor_msgs/cmake)
[0.935s] -- Found tf2: 0.25.20 (/opt/ros/humble/share/tf2/cmake)
[0.945s] -- Found tf2_ros: 0.25.20 (/opt/ros/humble/share/tf2_ros/cmake)
[1.051s] -- Found nav2_msgs: 1.1.20 (/opt/ros/humble/share/nav2_msgs/cmake)
[1.112s] -- Found ament_lint_auto: 0.12.15 (/opt/ros/humble/share/ament_lint_auto/cmake)
[1.229s] Error parsing '/home/petpooja-951/amrsim_ws/src/Waypoint-Guided-Autonomous-Robot---ROS/package.xml':
[1.322s] Traceback (most recent call last):
[1.322s]   File "/opt/ros/humble/share/ament_cmake_core/cmake/core/package_xml_2_cmake.py", line 150, in <module>
[1.323s]     main()
[1.323s]   File "/opt/ros/humble/share/ament_cmake_core/cmake/core/package_xml_2_cmake.py", line 53, in main
[1.323s]     raise e
[1.324s]   File "/opt/ros/humble/share/ament_cmake_core/cmake/core/package_xml_2_cmake.py", line 49, in main
[1.324s]     package = parse_package_string(
[1.324s]   File "/usr/lib/python3/dist-packages/catkin_pkg/package.py", line 786, in parse_package_string
[1.324s]     raise InvalidPackage('Error(s):%s' % (''.join(['\n- %s' % e for e in errors])), filename)
[1.324s] catkin_pkg.package.InvalidPackage: Error(s) in package '/home/petpooja-951/amrsim_ws/src/Waypoint-Guided-Autonomous-Robot---ROS/package.xml':
[1.325s] Error(s):
[1.325s] - The generic dependency on 'controller_manager' is redundant with: build_depend, build_export_depend, exec_depend
[1.325s] - The generic dependency on 'diff_drive_controller' is redundant with: build_depend, build_export_depend, exec_depend
[1.363s] [31mCMake Error at /opt/ros/humble/share/ament_cmake_core/cmake/core/ament_package_xml.cmake:95 (message):
[1.363s]   execute_process(/usr/bin/python3
[1.363s]   /opt/ros/humble/share/ament_cmake_core/cmake/core/package_xml_2_cmake.py
[1.363s]   /home/petpooja-951/amrsim_ws/src/Waypoint-Guided-Autonomous-Robot---ROS/package.xml
[1.363s]   /home/petpooja-951/amrsim_ws/build/Waypoint-Guided-Autonomous-Robot---ROS/ament_cmake_core/package.cmake)
[1.364s]   returned error code 1
[1.364s] Call Stack (most recent call first):
[1.364s]   /opt/ros/humble/share/ament_cmake_core/cmake/core/ament_package_xml.cmake:49 (_ament_package_xml)
[1.364s]   /opt/ros/humble/share/ament_lint_auto/cmake/ament_lint_auto_find_test_dependencies.cmake:31 (ament_package_xml)
[1.364s]   CMakeLists.txt:67 (ament_lint_auto_find_test_dependencies)
[1.364s] 
[1.365s] [0m
[1.365s] -- Configuring incomplete, errors occurred!
[1.365s] See also "/home/petpooja-951/amrsim_ws/build/Waypoint-Guided-Autonomous-Robot---ROS/CMakeFiles/CMakeOutput.log".
[1.377s] gmake: *** [Makefile:308: cmake_check_build_system] Error 1
[1.382s] Invoked command in '/home/petpooja-951/amrsim_ws/build/Waypoint-Guided-Autonomous-Robot---ROS' returned '2': /usr/bin/cmake --build /home/petpooja-951/amrsim_ws/build/Waypoint-Guided-Autonomous-Robot---ROS -- -j8 -l8
