-- The C compiler identification is GNU 11.4.0
-- The CXX compiler identification is GNU 11.4.0
-- Detecting C compiler ABI info
-- Detecting C compiler ABI info - done
-- Check for working C compiler: /usr/bin/cc - skipped
-- Detecting C compile features
-- Detecting C compile features - done
-- Detecting CXX compiler ABI info
-- Detecting CXX compiler ABI info - done
-- Check for working CXX compiler: /usr/bin/c++ - skipped
-- Detecting CXX compile features
-- Detecting CXX compile features - done
-- Found ament_cmake: 1.3.14 (/opt/ros/humble/share/ament_cmake/cmake)
-- Found Python3: /usr/bin/python3 (found version "3.10.12") found components: Interpreter 
-- Found rclcpp: 16.0.19 (/opt/ros/humble/share/rclcpp/cmake)
-- Found rosidl_generator_c: 3.1.8 (/opt/ros/humble/share/rosidl_generator_c/cmake)
-- Found rosidl_adapter: 3.1.8 (/opt/ros/humble/share/rosidl_adapter/cmake)
-- Found rosidl_generator_cpp: 3.1.8 (/opt/ros/humble/share/rosidl_generator_cpp/cmake)
-- Using all available rosidl_typesupport_c: rosidl_typesupport_fastrtps_c;rosidl_typesupport_introspection_c
-- Using all available rosidl_typesupport_cpp: rosidl_typesupport_fastrtps_cpp;rosidl_typesupport_introspection_cpp
-- Found rmw_implementation_cmake: 6.1.2 (/opt/ros/humble/share/rmw_implementation_cmake/cmake)
-- Found rmw_fastrtps_cpp: 6.2.10 (/opt/ros/humble/share/rmw_fastrtps_cpp/cmake)
-- Found OpenSSL: /usr/lib/x86_64-linux-gnu/libcrypto.so (found version "3.0.2")  
-- Found FastRTPS: /opt/ros/humble/include  
-- Using RMW implementation 'rmw_fastrtps_cpp' as default
-- Looking for pthread.h
-- Looking for pthread.h - found
-- Performing Test CMAKE_HAVE_LIBC_PTHREAD
-- Performing Test CMAKE_HAVE_LIBC_PTHREAD - Success
-- Found Threads: TRUE  
-- Found rclcpp_action: 16.0.19 (/opt/ros/humble/share/rclcpp_action/cmake)
-- Found std_srvs: 4.9.1 (/opt/ros/humble/share/std_srvs/cmake)
-- Found geometry_msgs: 4.9.1 (/opt/ros/humble/share/geometry_msgs/cmake)
-- Found nav_msgs: 4.9.1 (/opt/ros/humble/share/nav_msgs/cmake)
-- Found sensor_msgs: 4.9.1 (/opt/ros/humble/share/sensor_msgs/cmake)
-- Found tf2: 0.25.20 (/opt/ros/humble/share/tf2/cmake)
-- Found tf2_ros: 0.25.20 (/opt/ros/humble/share/tf2_ros/cmake)
-- Found nav2_msgs: 1.1.20 (/opt/ros/humble/share/nav2_msgs/cmake)
-- Found ament_lint_auto: 0.12.15 (/opt/ros/humble/share/ament_lint_auto/cmake)
-- Added test 'cppcheck' to perform static code analysis on C / C++ code
-- Configured cppcheck include dirs: 
-- Configured cppcheck exclude dirs and/or files: 
-- Added test 'flake8' to check Python code syntax and style conventions
-- Added test 'lint_cmake' to check CMake code style
-- Added test 'pep257' to check Python code against some of the docstring style conventions in PEP 257
-- Added test 'uncrustify' to check C / C++ code style
-- Configured uncrustify additional arguments: 
-- Added test 'xmllint' to check XML markup files
-- Configuring done
-- Generating done
-- Build files have been written to: /home/petpooja-951/amrsim_ws/build/Waypoint-Guided-Autonomous-Robot---ROS
[ 25%] [32mBuilding CXX object CMakeFiles/odometry_node.dir/src/odometry_node.cpp.o[0m
[ 50%] [32mBuilding CXX object CMakeFiles/autonomous_nav_node.dir/src/autonomous_nav_node.cpp.o[0m
[ 75%] [32m[1mLinking CXX executable autonomous_nav_node[0m
[ 75%] Built target autonomous_nav_node
[100%] [32m[1mLinking CXX executable odometry_node[0m
[100%] Built target odometry_node
-- Install configuration: ""
-- Installing: /home/petpooja-951/amrsim_ws/install/Waypoint-Guided-Autonomous-Robot---ROS/lib/Waypoint-Guided-Autonomous-Robot---ROS/odometry_node
-- Set runtime path of "/home/petpooja-951/amrsim_ws/install/Waypoint-Guided-Autonomous-Robot---ROS/lib/Waypoint-Guided-Autonomous-Robot---ROS/odometry_node" to ""
-- Installing: /home/petpooja-951/amrsim_ws/install/Waypoint-Guided-Autonomous-Robot---ROS/lib/Waypoint-Guided-Autonomous-Robot---ROS/autonomous_nav_node
-- Set runtime path of "/home/petpooja-951/amrsim_ws/install/Waypoint-Guided-Autonomous-Robot---ROS/lib/Waypoint-Guided-Autonomous-Robot---ROS/autonomous_nav_node" to ""
-- Installing: /home/petpooja-951/amrsim_ws/install/Waypoint-Guided-Autonomous-Robot---ROS/share/Waypoint-Guided-Autonomous-Robot---ROS/launch
-- Installing: /home/petpooja-951/amrsim_ws/install/Waypoint-Guided-Autonomous-Robot---ROS/share/Waypoint-Guided-Autonomous-Robot---ROS/launch/slam.launch.py
-- Installing: /home/petpooja-951/amrsim_ws/install/Waypoint-Guided-Autonomous-Robot---ROS/share/Waypoint-Guided-Autonomous-Robot---ROS/launch/bringup.launch.py
-- Installing: /home/petpooja-951/amrsim_ws/install/Waypoint-Guided-Autonomous-Robot---ROS/share/Waypoint-Guided-Autonomous-Robot---ROS/launch/navigation.launch.py
-- Installing: /home/petpooja-951/amrsim_ws/install/Waypoint-Guided-Autonomous-Robot---ROS/share/Waypoint-Guided-Autonomous-Robot---ROS/launch/sim.launch.py
-- Installing: /home/petpooja-951/amrsim_ws/install/Waypoint-Guided-Autonomous-Robot---ROS/share/Waypoint-Guided-Autonomous-Robot---ROS/urdf
-- Installing: /home/petpooja-951/amrsim_ws/install/Waypoint-Guided-Autonomous-Robot---ROS/share/Waypoint-Guided-Autonomous-Robot---ROS/urdf/my_robot.urdf
-- Installing: /home/petpooja-951/amrsim_ws/install/Waypoint-Guided-Autonomous-Robot---ROS/share/Waypoint-Guided-Autonomous-Robot---ROS/urdf/old_model.urdf
-- Installing: /home/petpooja-951/amrsim_ws/install/Waypoint-Guided-Autonomous-Robot---ROS/share/Waypoint-Guided-Autonomous-Robot---ROS/config
-- Installing: /home/petpooja-951/amrsim_ws/install/Waypoint-Guided-Autonomous-Robot---ROS/share/Waypoint-Guided-Autonomous-Robot---ROS/config/controllers.yaml
-- Installing: /home/petpooja-951/amrsim_ws/install/Waypoint-Guided-Autonomous-Robot---ROS/share/Waypoint-Guided-Autonomous-Robot---ROS/config/nav2_params.yaml
-- Installing: /home/petpooja-951/amrsim_ws/install/Waypoint-Guided-Autonomous-Robot---ROS/share/Waypoint-Guided-Autonomous-Robot---ROS/config/slam_toolbox.yaml
-- Installing: /home/petpooja-951/amrsim_ws/install/Waypoint-Guided-Autonomous-Robot---ROS/share/Waypoint-Guided-Autonomous-Robot---ROS/maps
-- Installing: /home/petpooja-951/amrsim_ws/install/Waypoint-Guided-Autonomous-Robot---ROS/share/ament_index/resource_index/package_run_dependencies/Waypoint-Guided-Autonomous-Robot---ROS
-- Installing: /home/petpooja-951/amrsim_ws/install/Waypoint-Guided-Autonomous-Robot---ROS/share/ament_index/resource_index/parent_prefix_path/Waypoint-Guided-Autonomous-Robot---ROS
-- Installing: /home/petpooja-951/amrsim_ws/install/Waypoint-Guided-Autonomous-Robot---ROS/share/Waypoint-Guided-Autonomous-Robot---ROS/environment/ament_prefix_path.sh
-- Installing: /home/petpooja-951/amrsim_ws/install/Waypoint-Guided-Autonomous-Robot---ROS/share/Waypoint-Guided-Autonomous-Robot---ROS/environment/ament_prefix_path.dsv
-- Installing: /home/petpooja-951/amrsim_ws/install/Waypoint-Guided-Autonomous-Robot---ROS/share/Waypoint-Guided-Autonomous-Robot---ROS/environment/path.sh
-- Installing: /home/petpooja-951/amrsim_ws/install/Waypoint-Guided-Autonomous-Robot---ROS/share/Waypoint-Guided-Autonomous-Robot---ROS/environment/path.dsv
-- Installing: /home/petpooja-951/amrsim_ws/install/Waypoint-Guided-Autonomous-Robot---ROS/share/Waypoint-Guided-Autonomous-Robot---ROS/local_setup.bash
-- Installing: /home/petpooja-951/amrsim_ws/install/Waypoint-Guided-Autonomous-Robot---ROS/share/Waypoint-Guided-Autonomous-Robot---ROS/local_setup.sh
-- Installing: /home/petpooja-951/amrsim_ws/install/Waypoint-Guided-Autonomous-Robot---ROS/share/Waypoint-Guided-Autonomous-Robot---ROS/local_setup.zsh
-- Installing: /home/petpooja-951/amrsim_ws/install/Waypoint-Guided-Autonomous-Robot---ROS/share/Waypoint-Guided-Autonomous-Robot---ROS/local_setup.dsv
-- Installing: /home/petpooja-951/amrsim_ws/install/Waypoint-Guided-Autonomous-Robot---ROS/share/Waypoint-Guided-Autonomous-Robot---ROS/package.dsv
-- Installing: /home/petpooja-951/amrsim_ws/install/Waypoint-Guided-Autonomous-Robot---ROS/share/ament_index/resource_index/packages/Waypoint-Guided-Autonomous-Robot---ROS
-- Installing: /home/petpooja-951/amrsim_ws/install/Waypoint-Guided-Autonomous-Robot---ROS/share/Waypoint-Guided-Autonomous-Robot---ROS/cmake/Waypoint-Guided-Autonomous-Robot---ROSConfig.cmake
-- Installing: /home/petpooja-951/amrsim_ws/install/Waypoint-Guided-Autonomous-Robot---ROS/share/Waypoint-Guided-Autonomous-Robot---ROS/cmake/Waypoint-Guided-Autonomous-Robot---ROSConfig-version.cmake
-- Installing: /home/petpooja-951/amrsim_ws/install/Waypoint-Guided-Autonomous-Robot---ROS/share/Waypoint-Guided-Autonomous-Robot---ROS/package.xml
