[0.000000] (-) TimerEvent: {}
[0.000335] (Waypoint-Guided-Autonomous-Robot---ROS) JobQueued: {'identifier': 'Waypoint-Guided-Autonomous-Robot---ROS', 'dependencies': OrderedDict()}
[0.001035] (Waypoint-Guided-Autonomous-Robot---ROS) JobStarted: {'identifier': 'Waypoint-Guided-Autonomous-Robot---ROS'}
[0.011863] (Waypoint-Guided-Autonomous-Robot---ROS) JobProgress: {'identifier': 'Waypoint-Guided-Autonomous-Robot---ROS', 'progress': 'cmake'}
[0.012976] (Waypoint-Guided-Autonomous-Robot---ROS) JobProgress: {'identifier': 'Waypoint-Guided-Autonomous-Robot---ROS', 'progress': 'build'}
[0.014128] (Waypoint-Guided-Autonomous-Robot---ROS) Command: {'cmd': ['/usr/bin/cmake', '--build', '/home/petpooja-951/amrsim_ws/build/Waypoint-Guided-Autonomous-Robot---ROS', '--', '-j8', '-l8'], 'cwd': '/home/petpooja-951/amrsim_ws/build/Waypoint-Guided-Autonomous-Robot---ROS', 'env': OrderedDict([('GJS_DEBUG_TOPICS', 'JS ERROR;JS LOG'), ('LESSOPEN', '| /usr/bin/lesspipe %s'), ('VSCODE_CWD', '/home/petpooja-951'), ('LANGUAGE', 'en_IN:en'), ('USER', 'petpooja-951'), ('VSCODE_NLS_CONFIG', '{"userLocale":"en-gb","osLocale":"en-in","resolvedLanguage":"en","defaultMessagesFile":"/usr/share/antigravity/resources/app/out/nls.messages.json","locale":"en-gb","availableLanguages":{}}'), ('XDG_SESSION_TYPE', 'wayland'), ('SHLVL', '0'), ('LD_LIBRARY_PATH', '/usr/lib/x86_64-linux-gnu/gazebo-11/plugins:/opt/ros/humble/opt/rviz_ogre_vendor/lib:/opt/ros/humble/lib/x86_64-linux-gnu:/opt/ros/humble/lib'), ('HOME', '/home/petpooja-951'), ('CHROME_DESKTOP', 'antigravity.desktop'), ('DESKTOP_SESSION', 'ubuntu'), ('VSCODE_IPC_HOOK', '/run/user/1000/vscode-bf3af420-1.10-main.sock'), ('GIO_LAUNCHED_DESKTOP_FILE', '/usr/share/applications/antigravity.desktop'), ('ROS_PYTHON_VERSION', '3'), ('GNOME_SHELL_SESSION_MODE', 'ubuntu'), ('GTK_MODULES', 'gail:atk-bridge'), ('PAGER', 'cat'), ('MANAGERPID', '1441'), ('SYSTEMD_EXEC_PID', '1618'), ('IM_CONFIG_CHECK_ENV', '1'), ('DBUS_SESSION_BUS_ADDRESS', 'unix:path=/run/user/1000/bus'), ('ANTIGRAVITY_AGENT', '1'), ('GIO_LAUNCHED_DESKTOP_FILE_PID', '25558'), ('IM_CONFIG_PHASE', '1'), ('WAYLAND_DISPLAY', 'wayland-0'), ('ROS_DISTRO', 'humble'), ('LOGNAME', 'petpooja-951'), ('_', '/usr/bin/colcon'), ('JOURNAL_STREAM', '8:11740'), ('ROS_VERSION', '2'), ('XDG_SESSION_CLASS', 'user'), ('USERNAME', 'petpooja-951'), ('TERM', 'dumb'), ('GNOME_DESKTOP_SESSION_ID', 'this-is-deprecated'), ('FC_FONTATIONS', '1'), ('ROS_LOCALHOST_ONLY', '0'), ('ANTIGRAVITY_EDITOR_APP_ROOT', '/usr/share/antigravity/resources/app'), ('PATH', '/opt/ros/humble/bin:/usr/local/sbin:/usr/local/bin:/usr/sbin:/usr/bin:/sbin:/bin:/usr/games:/usr/local/games:/snap/bin:/snap/bin'), ('SESSION_MANAGER', 'local/petpooja951-HP-250-15-6-inch-G9-Notebook-PC:@/tmp/.ICE-unix/1579,unix/petpooja951-HP-250-15-6-inch-G9-Notebook-PC:/tmp/.ICE-unix/1579'), ('INVOCATION_ID', '6580760768ca41e0b937baf1e927226d'), ('XDG_MENU_PREFIX', 'gnome-'), ('GNOME_SETUP_DISPLAY', ':1'), ('XDG_RUNTIME_DIR', '/run/user/1000'), ('GDK_BACKEND', 'wayland'), ('DISPLAY', ':0'), ('LANG', 'en_US.UTF-8'), ('XDG_CURRENT_DESKTOP', 'ubuntu:GNOME'), ('XMODIFIERS', '@im=ibus'), ('XDG_SESSION_DESKTOP', 'ubuntu'), ('XAUTHORITY', '/run/user/1000/.mutter-Xwaylandauth.TAQHP3'), ('LS_COLORS', ''), ('SSH_AGENT_LAUNCHER', 'gnome-keyring'), ('SSH_AUTH_SOCK', '/run/user/1000/keyring/ssh'), ('AMENT_PREFIX_PATH', '/opt/ros/humble'), ('SHELL', '/bin/bash'), ('QT_ACCESSIBILITY', '1'), ('GDMSESSION', 'ubuntu'), ('LESSCLOSE', '/usr/bin/lesspipe %s %s'), ('GJS_DEBUG_OUTPUT', 'stderr'), ('QT_IM_MODULE', 'ibus'), ('ANTIGRAVITY_TRAJECTORY_ID', 'abdbf08b-f454-4f98-9daa-6a4c79d78cd4'), ('PWD', '/home/petpooja-951/amrsim_ws/build/Waypoint-Guided-Autonomous-Robot---ROS'), ('TURTLEBOT3_MODEL', 'burger'), ('LC_ALL', 'en_US.UTF-8'), ('XDG_CONFIG_DIRS', '/etc/xdg/xdg-ubuntu:/etc/xdg'), ('VSCODE_CODE_CACHE_PATH', '/home/petpooja-951/.config/Antigravity/CachedData/15487b3041e65228cae24980a3f796c905ef582c'), ('XDG_DATA_DIRS', '/usr/share/ubuntu:/usr/local/share/:/usr/share/:/var/lib/snapd/desktop'), ('PYTHONPATH', '/opt/ros/humble/lib/python3.10/site-packages:/opt/ros/humble/local/lib/python3.10/dist-packages'), ('COLCON', '1'), ('VSCODE_PID', '25558')]), 'shell': False}
[0.059447] (Waypoint-Guided-Autonomous-Robot---ROS) StdoutLine: {'line': b'-- Found ament_cmake: 1.3.14 (/opt/ros/humble/share/ament_cmake/cmake)\n'}
[0.099285] (-) TimerEvent: {}
[0.199727] (-) TimerEvent: {}
[0.298393] (Waypoint-Guided-Autonomous-Robot---ROS) StdoutLine: {'line': b'-- Found rclcpp: 16.0.19 (/opt/ros/humble/share/rclcpp/cmake)\n'}
[0.299800] (-) TimerEvent: {}
[0.360062] (Waypoint-Guided-Autonomous-Robot---ROS) StdoutLine: {'line': b'-- Found rosidl_generator_c: 3.1.8 (/opt/ros/humble/share/rosidl_generator_c/cmake)\n'}
[0.364885] (Waypoint-Guided-Autonomous-Robot---ROS) StdoutLine: {'line': b'-- Found rosidl_adapter: 3.1.8 (/opt/ros/humble/share/rosidl_adapter/cmake)\n'}
[0.377158] (Waypoint-Guided-Autonomous-Robot---ROS) StdoutLine: {'line': b'-- Found rosidl_generator_cpp: 3.1.8 (/opt/ros/humble/share/rosidl_generator_cpp/cmake)\n'}
[0.396646] (Waypoint-Guided-Autonomous-Robot---ROS) StdoutLine: {'line': b'-- Using all available rosidl_typesupport_c: rosidl_typesupport_fastrtps_c;rosidl_typesupport_introspection_c\n'}
[0.399949] (-) TimerEvent: {}
[0.418637] (Waypoint-Guided-Autonomous-Robot---ROS) StdoutLine: {'line': b'-- Using all available rosidl_typesupport_cpp: rosidl_typesupport_fastrtps_cpp;rosidl_typesupport_introspection_cpp\n'}
[0.484334] (Waypoint-Guided-Autonomous-Robot---ROS) StdoutLine: {'line': b'-- Found rmw_implementation_cmake: 6.1.2 (/opt/ros/humble/share/rmw_implementation_cmake/cmake)\n'}
[0.486700] (Waypoint-Guided-Autonomous-Robot---ROS) StdoutLine: {'line': b'-- Found rmw_fastrtps_cpp: 6.2.10 (/opt/ros/humble/share/rmw_fastrtps_cpp/cmake)\n'}
[0.500143] (-) TimerEvent: {}
[0.600704] (-) TimerEvent: {}
[0.678051] (Waypoint-Guided-Autonomous-Robot---ROS) StdoutLine: {'line': b"-- Using RMW implementation 'rmw_fastrtps_cpp' as default\n"}
[0.700818] (-) TimerEvent: {}
[0.775311] (Waypoint-Guided-Autonomous-Robot---ROS) StdoutLine: {'line': b'-- Found rclcpp_action: 16.0.19 (/opt/ros/humble/share/rclcpp_action/cmake)\n'}
[0.800934] (-) TimerEvent: {}
[0.827669] (Waypoint-Guided-Autonomous-Robot---ROS) StdoutLine: {'line': b'-- Found std_srvs: 4.9.1 (/opt/ros/humble/share/std_srvs/cmake)\n'}
[0.849302] (Waypoint-Guided-Autonomous-Robot---ROS) StdoutLine: {'line': b'-- Found geometry_msgs: 4.9.1 (/opt/ros/humble/share/geometry_msgs/cmake)\n'}
[0.876113] (Waypoint-Guided-Autonomous-Robot---ROS) StdoutLine: {'line': b'-- Found nav_msgs: 4.9.1 (/opt/ros/humble/share/nav_msgs/cmake)\n'}
[0.901105] (-) TimerEvent: {}
[0.903321] (Waypoint-Guided-Autonomous-Robot---ROS) StdoutLine: {'line': b'-- Found sensor_msgs: 4.9.1 (/opt/ros/humble/share/sensor_msgs/cmake)\n'}
[0.936361] (Waypoint-Guided-Autonomous-Robot---ROS) StdoutLine: {'line': b'-- Found tf2: 0.25.20 (/opt/ros/humble/share/tf2/cmake)\n'}
[0.945777] (Waypoint-Guided-Autonomous-Robot---ROS) StdoutLine: {'line': b'-- Found tf2_ros: 0.25.20 (/opt/ros/humble/share/tf2_ros/cmake)\n'}
[1.001234] (-) TimerEvent: {}
[1.052480] (Waypoint-Guided-Autonomous-Robot---ROS) StdoutLine: {'line': b'-- Found nav2_msgs: 1.1.20 (/opt/ros/humble/share/nav2_msgs/cmake)\n'}
[1.101415] (-) TimerEvent: {}
[1.112639] (Waypoint-Guided-Autonomous-Robot---ROS) StdoutLine: {'line': b'-- Found ament_lint_auto: 0.12.15 (/opt/ros/humble/share/ament_lint_auto/cmake)\n'}
[1.201605] (-) TimerEvent: {}
[1.229964] (Waypoint-Guided-Autonomous-Robot---ROS) StderrLine: {'line': b"Error parsing '/home/petpooja-951/amrsim_ws/src/Waypoint-Guided-Autonomous-Robot---ROS/package.xml':\n"}
[1.301698] (-) TimerEvent: {}
[1.322304] (Waypoint-Guided-Autonomous-Robot---ROS) StderrLine: {'line': b'Traceback (most recent call last):\n'}
[1.322916] (Waypoint-Guided-Autonomous-Robot---ROS) StderrLine: {'line': b'  File "/opt/ros/humble/share/ament_cmake_core/cmake/core/package_xml_2_cmake.py", line 150, in <module>\n'}
[1.324092] (Waypoint-Guided-Autonomous-Robot---ROS) StderrLine: {'line': b'    main()\n'}
[1.324309] (Waypoint-Guided-Autonomous-Robot---ROS) StderrLine: {'line': b'  File "/opt/ros/humble/share/ament_cmake_core/cmake/core/package_xml_2_cmake.py", line 53, in main\n'}
[1.324513] (Waypoint-Guided-Autonomous-Robot---ROS) StderrLine: {'line': b'    raise e\n'}
[1.324693] (Waypoint-Guided-Autonomous-Robot---ROS) StderrLine: {'line': b'  File "/opt/ros/humble/share/ament_cmake_core/cmake/core/package_xml_2_cmake.py", line 49, in main\n'}
[1.324858] (Waypoint-Guided-Autonomous-Robot---ROS) StderrLine: {'line': b'    package = parse_package_string(\n'}
[1.325033] (Waypoint-Guided-Autonomous-Robot---ROS) StderrLine: {'line': b'  File "/usr/lib/python3/dist-packages/catkin_pkg/package.py", line 786, in parse_package_string\n'}
[1.325212] (Waypoint-Guided-Autonomous-Robot---ROS) StderrLine: {'line': b"    raise InvalidPackage('Error(s):%s' % (''.join(['\\n- %s' % e for e in errors])), filename)\n"}
[1.325425] (Waypoint-Guided-Autonomous-Robot---ROS) StderrLine: {'line': b"catkin_pkg.package.InvalidPackage: Error(s) in package '/home/petpooja-951/amrsim_ws/src/Waypoint-Guided-Autonomous-Robot---ROS/package.xml':\n"}
[1.325630] (Waypoint-Guided-Autonomous-Robot---ROS) StderrLine: {'line': b'Error(s):\n'}
[1.325829] (Waypoint-Guided-Autonomous-Robot---ROS) StderrLine: {'line': b"- The generic dependency on 'controller_manager' is redundant with: build_depend, build_export_depend, exec_depend\n"}
[1.326044] (Waypoint-Guided-Autonomous-Robot---ROS) StderrLine: {'line': b"- The generic dependency on 'diff_drive_controller' is redundant with: build_depend, build_export_depend, exec_depend\n"}
[1.363646] (Waypoint-Guided-Autonomous-Robot---ROS) StderrLine: {'line': b'\x1b[31mCMake Error at /opt/ros/humble/share/ament_cmake_core/cmake/core/ament_package_xml.cmake:95 (message):\n'}
[1.364050] (Waypoint-Guided-Autonomous-Robot---ROS) StderrLine: {'line': b'  execute_process(/usr/bin/python3\n'}
[1.364243] (Waypoint-Guided-Autonomous-Robot---ROS) StderrLine: {'line': b'  /opt/ros/humble/share/ament_cmake_core/cmake/core/package_xml_2_cmake.py\n'}
[1.364394] (Waypoint-Guided-Autonomous-Robot---ROS) StderrLine: {'line': b'  /home/petpooja-951/amrsim_ws/src/Waypoint-Guided-Autonomous-Robot---ROS/package.xml\n'}
[1.364564] (Waypoint-Guided-Autonomous-Robot---ROS) StderrLine: {'line': b'  /home/petpooja-951/amrsim_ws/build/Waypoint-Guided-Autonomous-Robot---ROS/ament_cmake_core/package.cmake)\n'}
[1.364756] (Waypoint-Guided-Autonomous-Robot---ROS) StderrLine: {'line': b'  returned error code 1\n'}
[1.364906] (Waypoint-Guided-Autonomous-Robot---ROS) StderrLine: {'line': b'Call Stack (most recent call first):\n'}
[1.365061] (Waypoint-Guided-Autonomous-Robot---ROS) StderrLine: {'line': b'  /opt/ros/humble/share/ament_cmake_core/cmake/core/ament_package_xml.cmake:49 (_ament_package_xml)\n'}
[1.365209] (Waypoint-Guided-Autonomous-Robot---ROS) StderrLine: {'line': b'  /opt/ros/humble/share/ament_lint_auto/cmake/ament_lint_auto_find_test_dependencies.cmake:31 (ament_package_xml)\n'}
[1.365358] (Waypoint-Guided-Autonomous-Robot---ROS) StderrLine: {'line': b'  CMakeLists.txt:67 (ament_lint_auto_find_test_dependencies)\n'}
[1.365501] (Waypoint-Guided-Autonomous-Robot---ROS) StderrLine: {'line': b'\n'}
[1.365689] (Waypoint-Guided-Autonomous-Robot---ROS) StderrLine: {'line': b'\x1b[0m\n'}
[1.365837] (Waypoint-Guided-Autonomous-Robot---ROS) StdoutLine: {'line': b'-- Configuring incomplete, errors occurred!\n'}
[1.366008] (Waypoint-Guided-Autonomous-Robot---ROS) StdoutLine: {'line': b'See also "/home/petpooja-951/amrsim_ws/build/Waypoint-Guided-Autonomous-Robot---ROS/CMakeFiles/CMakeOutput.log".\n'}
[1.378349] (Waypoint-Guided-Autonomous-Robot---ROS) StderrLine: {'line': b'gmake: *** [Makefile:308: cmake_check_build_system] Error 1\n'}
[1.382395] (Waypoint-Guided-Autonomous-Robot---ROS) CommandEnded: {'returncode': 2}
[1.383196] (Waypoint-Guided-Autonomous-Robot---ROS) JobEnded: {'identifier': 'Waypoint-Guided-Autonomous-Robot---ROS', 'rc': 2}
[1.393695] (-) EventReactorShutdown: {}
