[0.000000] (-) TimerEvent: {}
[0.000293] (Waypoint-Guided-Autonomous-Robot---ROS) JobQueued: {'identifier': 'Waypoint-Guided-Autonomous-Robot---ROS', 'dependencies': OrderedDict()}
[0.000828] (Waypoint-Guided-Autonomous-Robot---ROS) JobStarted: {'identifier': 'Waypoint-Guided-Autonomous-Robot---ROS'}
[0.011808] (Waypoint-Guided-Autonomous-Robot---ROS) JobProgress: {'identifier': 'Waypoint-Guided-Autonomous-Robot---ROS', 'progress': 'cmake'}
[0.012807] (Waypoint-Guided-Autonomous-Robot---ROS) JobProgress: {'identifier': 'Waypoint-Guided-Autonomous-Robot---ROS', 'progress': 'build'}
[0.013696] (Waypoint-Guided-Autonomous-Robot---ROS) Command: {'cmd': ['/usr/bin/cmake', '--build', '/home/petpooja-951/amrsim_ws/build/Waypoint-Guided-Autonomous-Robot---ROS', '--', '-j8', '-l8'], 'cwd': '/home/petpooja-951/amrsim_ws/build/Waypoint-Guided-Autonomous-Robot---ROS', 'env': OrderedDict([('GJS_DEBUG_TOPICS', 'JS ERROR;JS LOG'), ('LESSOPEN', '| /usr/bin/lesspipe %s'), ('VSCODE_CWD', '/home/petpooja-951'), ('LANGUAGE', 'en_IN:en'), ('USER', 'petpooja-951'), ('VSCODE_NLS_CONFIG', '{"userLocale":"en-gb","osLocale":"en-in","resolvedLanguage":"en","defaultMessagesFile":"/usr/share/antigravity/resources/app/out/nls.messages.json","locale":"en-gb","availableLanguages":{}}'), ('XDG_SESSION_TYPE', 'wayland'), ('SHLVL', '0'), ('LD_LIBRARY_PATH', '/usr/lib/x86_64-linux-gnu/gazebo-11/plugins:/opt/ros/humble/opt/rviz_ogre_vendor/lib:/opt/ros/humble/lib/x86_64-linux-gnu:/opt/ros/humble/lib'), ('HOME', '/home/petpooja-951'), ('CHROME_DESKTOP', 'antigravity.desktop'), ('DESKTOP_SESSION', 'ubuntu'), ('VSCODE_IPC_HOOK', '/run/user/1000/vscode-bf3af420-1.10-main.sock'), ('GIO_LAUNCHED_DESKTOP_FILE', '/usr/share/applications/antigravity.desktop'), ('ROS_PYTHON_VERSION', '3'), ('GNOME_SHELL_SESSION_MODE', 'ubuntu'), ('GTK_MODULES', 'gail:atk-bridge'), ('PAGER', 'cat'), ('MANAGERPID', '1441'), ('SYSTEMD_EXEC_PID', '1618'), ('IM_CONFIG_CHECK_ENV', '1'), ('DBUS_SESSION_BUS_ADDRESS', 'unix:path=/run/user/1000/bus'), ('ANTIGRAVITY_AGENT', '1'), ('GIO_LAUNCHED_DESKTOP_FILE_PID', '25558'), ('IM_CONFIG_PHASE', '1'), ('WAYLAND_DISPLAY', 'wayland-0'), ('ROS_DISTRO', 'humble'), ('LOGNAME', 'petpooja-951'), ('_', '/usr/bin/colcon'), ('JOURNAL_STREAM', '8:11740'), ('ROS_VERSION', '2'), ('XDG_SESSION_CLASS', 'user'), ('USERNAME', 'petpooja-951'), ('TERM', 'dumb'), ('GNOME_DESKTOP_SESSION_ID', 'this-is-deprecated'), ('FC_FONTATIONS', '1'), ('ROS_LOCALHOST_ONLY', '0'), ('ANTIGRAVITY_EDITOR_APP_ROOT', '/usr/share/antigravity/resources/app'), ('PATH', '/opt/ros/humble/bin:/usr/local/sbin:/usr/local/bin:/usr/sbin:/usr/bin:/sbin:/bin:/usr/games:/usr/local/games:/snap/bin:/snap/bin'), ('SESSION_MANAGER', 'local/petpooja951-HP-250-15-6-inch-G9-Notebook-PC:@/tmp/.ICE-unix/1579,unix/petpooja951-HP-250-15-6-inch-G9-Notebook-PC:/tmp/.ICE-unix/1579'), ('INVOCATION_ID', '6580760768ca41e0b937baf1e927226d'), ('XDG_MENU_PREFIX', 'gnome-'), ('GNOME_SETUP_DISPLAY', ':1'), ('XDG_RUNTIME_DIR', '/run/user/1000'), ('GDK_BACKEND', 'wayland'), ('DISPLAY', ':0'), ('LANG', 'en_US.UTF-8'), ('XDG_CURRENT_DESKTOP', 'ubuntu:GNOME'), ('XMODIFIERS', '@im=ibus'), ('XDG_SESSION_DESKTOP', 'ubuntu'), ('XAUTHORITY', '/run/user/1000/.mutter-Xwaylandauth.TAQHP3'), ('LS_COLORS', ''), ('SSH_AGENT_LAUNCHER', 'gnome-keyring'), ('SSH_AUTH_SOCK', '/run/user/1000/keyring/ssh'), ('AMENT_PREFIX_PATH', '/opt/ros/humble'), ('SHELL', '/bin/bash'), ('QT_ACCESSIBILITY', '1'), ('GDMSESSION', 'ubuntu'), ('LESSCLOSE', '/usr/bin/lesspipe %s %s'), ('GJS_DEBUG_OUTPUT', 'stderr'), ('QT_IM_MODULE', 'ibus'), ('ANTIGRAVITY_TRAJECTORY_ID', 'abdbf08b-f454-4f98-9daa-6a4c79d78cd4'), ('PWD', '/home/petpooja-951/amrsim_ws/build/Waypoint-Guided-Autonomous-Robot---ROS'), ('TURTLEBOT3_MODEL', 'burger'), ('LC_ALL', 'en_US.UTF-8'), ('XDG_CONFIG_DIRS', '/etc/xdg/xdg-ubuntu:/etc/xdg'), ('VSCODE_CODE_CACHE_PATH', '/home/petpooja-951/.config/Antigravity/CachedData/15487b3041e65228cae24980a3f796c905ef582c'), ('XDG_DATA_DIRS', '/usr/share/ubuntu:/usr/local/share/:/usr/share/:/var/lib/snapd/desktop'), ('PYTHONPATH', '/opt/ros/humble/lib/python3.10/site-packages:/opt/ros/humble/local/lib/python3.10/dist-packages'), ('COLCON', '1'), ('VSCODE_PID', '25558'), ('CMAKE_PREFIX_PATH', '/opt/ros/humble')]), 'shell': False}
[0.058256] (Waypoint-Guided-Autonomous-Robot---ROS) StdoutLine: {'line': b'-- Found ament_cmake: 1.3.14 (/opt/ros/humble/share/ament_cmake/cmake)\n'}
[0.099623] (-) TimerEvent: {}
[0.199979] (-) TimerEvent: {}
[0.257222] (Waypoint-Guided-Autonomous-Robot---ROS) StdoutLine: {'line': b'-- Found rclcpp: 16.0.19 (/opt/ros/humble/share/rclcpp/cmake)\n'}
[0.300102] (-) TimerEvent: {}
[0.313708] (Waypoint-Guided-Autonomous-Robot---ROS) StdoutLine: {'line': b'-- Found rosidl_generator_c: 3.1.8 (/opt/ros/humble/share/rosidl_generator_c/cmake)\n'}
[0.319498] (Waypoint-Guided-Autonomous-Robot---ROS) StdoutLine: {'line': b'-- Found rosidl_adapter: 3.1.8 (/opt/ros/humble/share/rosidl_adapter/cmake)\n'}
[0.332324] (Waypoint-Guided-Autonomous-Robot---ROS) StdoutLine: {'line': b'-- Found rosidl_generator_cpp: 3.1.8 (/opt/ros/humble/share/rosidl_generator_cpp/cmake)\n'}
[0.354812] (Waypoint-Guided-Autonomous-Robot---ROS) StdoutLine: {'line': b'-- Using all available rosidl_typesupport_c: rosidl_typesupport_fastrtps_c;rosidl_typesupport_introspection_c\n'}
[0.376680] (Waypoint-Guided-Autonomous-Robot---ROS) StdoutLine: {'line': b'-- Using all available rosidl_typesupport_cpp: rosidl_typesupport_fastrtps_cpp;rosidl_typesupport_introspection_cpp\n'}
[0.400255] (-) TimerEvent: {}
[0.439586] (Waypoint-Guided-Autonomous-Robot---ROS) StdoutLine: {'line': b'-- Found rmw_implementation_cmake: 6.1.2 (/opt/ros/humble/share/rmw_implementation_cmake/cmake)\n'}
[0.442273] (Waypoint-Guided-Autonomous-Robot---ROS) StdoutLine: {'line': b'-- Found rmw_fastrtps_cpp: 6.2.10 (/opt/ros/humble/share/rmw_fastrtps_cpp/cmake)\n'}
[0.500363] (-) TimerEvent: {}
[0.600367] (Waypoint-Guided-Autonomous-Robot---ROS) StdoutLine: {'line': b"-- Using RMW implementation 'rmw_fastrtps_cpp' as default\n"}
[0.600721] (-) TimerEvent: {}
[0.674594] (Waypoint-Guided-Autonomous-Robot---ROS) StdoutLine: {'line': b'-- Found rclcpp_action: 16.0.19 (/opt/ros/humble/share/rclcpp_action/cmake)\n'}
[0.700895] (-) TimerEvent: {}
[0.717135] (Waypoint-Guided-Autonomous-Robot---ROS) StdoutLine: {'line': b'-- Found std_srvs: 4.9.1 (/opt/ros/humble/share/std_srvs/cmake)\n'}
[0.731148] (Waypoint-Guided-Autonomous-Robot---ROS) StdoutLine: {'line': b'-- Found geometry_msgs: 4.9.1 (/opt/ros/humble/share/geometry_msgs/cmake)\n'}
[0.747544] (Waypoint-Guided-Autonomous-Robot---ROS) StdoutLine: {'line': b'-- Found nav_msgs: 4.9.1 (/opt/ros/humble/share/nav_msgs/cmake)\n'}
[0.776085] (Waypoint-Guided-Autonomous-Robot---ROS) StdoutLine: {'line': b'-- Found sensor_msgs: 4.9.1 (/opt/ros/humble/share/sensor_msgs/cmake)\n'}
[0.801008] (-) TimerEvent: {}
[0.801335] (Waypoint-Guided-Autonomous-Robot---ROS) StdoutLine: {'line': b'-- Found tf2: 0.25.20 (/opt/ros/humble/share/tf2/cmake)\n'}
[0.806367] (Waypoint-Guided-Autonomous-Robot---ROS) StdoutLine: {'line': b'-- Found tf2_ros: 0.25.20 (/opt/ros/humble/share/tf2_ros/cmake)\n'}
[0.886403] (Waypoint-Guided-Autonomous-Robot---ROS) StdoutLine: {'line': b'-- Found nav2_msgs: 1.1.20 (/opt/ros/humble/share/nav2_msgs/cmake)\n'}
[0.901238] (-) TimerEvent: {}
[0.942727] (Waypoint-Guided-Autonomous-Robot---ROS) StdoutLine: {'line': b'-- Found ament_lint_auto: 0.12.15 (/opt/ros/humble/share/ament_lint_auto/cmake)\n'}
[1.001345] (-) TimerEvent: {}
[1.066653] (Waypoint-Guided-Autonomous-Robot---ROS) StderrLine: {'line': b'WARNING: Package name "Waypoint-Guided-Autonomous-Robot---ROS" does not follow the naming conventions. It should start with a lower case letter and only contain lower case letters, digits, underscores, and dashes.\n'}
[1.099218] (Waypoint-Guided-Autonomous-Robot---ROS) StdoutLine: {'line': b"-- Added test 'cppcheck' to perform static code analysis on C / C++ code\n"}
[1.099649] (Waypoint-Guided-Autonomous-Robot---ROS) StdoutLine: {'line': b'-- Configured cppcheck include dirs: \n'}
[1.099883] (Waypoint-Guided-Autonomous-Robot---ROS) StdoutLine: {'line': b'-- Configured cppcheck exclude dirs and/or files: \n'}
[1.100579] (Waypoint-Guided-Autonomous-Robot---ROS) StdoutLine: {'line': b"-- Added test 'flake8' to check Python code syntax and style conventions\n"}
[1.101479] (-) TimerEvent: {}
[1.103289] (Waypoint-Guided-Autonomous-Robot---ROS) StdoutLine: {'line': b"-- Added test 'lint_cmake' to check CMake code style\n"}
[1.105124] (Waypoint-Guided-Autonomous-Robot---ROS) StdoutLine: {'line': b"-- Added test 'pep257' to check Python code against some of the docstring style conventions in PEP 257\n"}
[1.114986] (Waypoint-Guided-Autonomous-Robot---ROS) StdoutLine: {'line': b"-- Added test 'uncrustify' to check C / C++ code style\n"}
[1.115336] (Waypoint-Guided-Autonomous-Robot---ROS) StdoutLine: {'line': b'-- Configured uncrustify additional arguments: \n'}
[1.117465] (Waypoint-Guided-Autonomous-Robot---ROS) StdoutLine: {'line': b"-- Added test 'xmllint' to check XML markup files\n"}
[1.120793] (Waypoint-Guided-Autonomous-Robot---ROS) StdoutLine: {'line': b'-- Configuring done\n'}
[1.145267] (Waypoint-Guided-Autonomous-Robot---ROS) StdoutLine: {'line': b'-- Generating done\n'}
[1.158886] (Waypoint-Guided-Autonomous-Robot---ROS) StdoutLine: {'line': b'-- Build files have been written to: /home/petpooja-951/amrsim_ws/build/Waypoint-Guided-Autonomous-Robot---ROS\n'}
[1.199162] (Waypoint-Guided-Autonomous-Robot---ROS) StdoutLine: {'line': b'\x1b[35m\x1b[1mConsolidate compiler generated dependencies of target autonomous_nav_node\x1b[0m\n'}
[1.200547] (Waypoint-Guided-Autonomous-Robot---ROS) StdoutLine: {'line': b'\x1b[35m\x1b[1mConsolidate compiler generated dependencies of target odometry_node\x1b[0m\n'}
[1.201607] (-) TimerEvent: {}
[1.228987] (Waypoint-Guided-Autonomous-Robot---ROS) StdoutLine: {'line': b'[ 50%] Built target odometry_node\n'}
[1.230219] (Waypoint-Guided-Autonomous-Robot---ROS) StdoutLine: {'line': b'[100%] Built target autonomous_nav_node\n'}
[1.245400] (Waypoint-Guided-Autonomous-Robot---ROS) CommandEnded: {'returncode': 0}
[1.246366] (Waypoint-Guided-Autonomous-Robot---ROS) JobProgress: {'identifier': 'Waypoint-Guided-Autonomous-Robot---ROS', 'progress': 'install'}
[1.265469] (Waypoint-Guided-Autonomous-Robot---ROS) Command: {'cmd': ['/usr/bin/cmake', '--install', '/home/petpooja-951/amrsim_ws/build/Waypoint-Guided-Autonomous-Robot---ROS'], 'cwd': '/home/petpooja-951/amrsim_ws/build/Waypoint-Guided-Autonomous-Robot---ROS', 'env': OrderedDict([('GJS_DEBUG_TOPICS', 'JS ERROR;JS LOG'), ('LESSOPEN', '| /usr/bin/lesspipe %s'), ('VSCODE_CWD', '/home/petpooja-951'), ('LANGUAGE', 'en_IN:en'), ('USER', 'petpooja-951'), ('VSCODE_NLS_CONFIG', '{"userLocale":"en-gb","osLocale":"en-in","resolvedLanguage":"en","defaultMessagesFile":"/usr/share/antigravity/resources/app/out/nls.messages.json","locale":"en-gb","availableLanguages":{}}'), ('XDG_SESSION_TYPE', 'wayland'), ('SHLVL', '0'), ('LD_LIBRARY_PATH', '/usr/lib/x86_64-linux-gnu/gazebo-11/plugins:/opt/ros/humble/opt/rviz_ogre_vendor/lib:/opt/ros/humble/lib/x86_64-linux-gnu:/opt/ros/humble/lib'), ('HOME', '/home/petpooja-951'), ('CHROME_DESKTOP', 'antigravity.desktop'), ('DESKTOP_SESSION', 'ubuntu'), ('VSCODE_IPC_HOOK', '/run/user/1000/vscode-bf3af420-1.10-main.sock'), ('GIO_LAUNCHED_DESKTOP_FILE', '/usr/share/applications/antigravity.desktop'), ('ROS_PYTHON_VERSION', '3'), ('GNOME_SHELL_SESSION_MODE', 'ubuntu'), ('GTK_MODULES', 'gail:atk-bridge'), ('PAGER', 'cat'), ('MANAGERPID', '1441'), ('SYSTEMD_EXEC_PID', '1618'), ('IM_CONFIG_CHECK_ENV', '1'), ('DBUS_SESSION_BUS_ADDRESS', 'unix:path=/run/user/1000/bus'), ('ANTIGRAVITY_AGENT', '1'), ('GIO_LAUNCHED_DESKTOP_FILE_PID', '25558'), ('IM_CONFIG_PHASE', '1'), ('WAYLAND_DISPLAY', 'wayland-0'), ('ROS_DISTRO', 'humble'), ('LOGNAME', 'petpooja-951'), ('_', '/usr/bin/colcon'), ('JOURNAL_STREAM', '8:11740'), ('ROS_VERSION', '2'), ('XDG_SESSION_CLASS', 'user'), ('USERNAME', 'petpooja-951'), ('TERM', 'dumb'), ('GNOME_DESKTOP_SESSION_ID', 'this-is-deprecated'), ('FC_FONTATIONS', '1'), ('ROS_LOCALHOST_ONLY', '0'), ('ANTIGRAVITY_EDITOR_APP_ROOT', '/usr/share/antigravity/resources/app'), ('PATH', '/opt/ros/humble/bin:/usr/local/sbin:/usr/local/bin:/usr/sbin:/usr/bin:/sbin:/bin:/usr/games:/usr/local/games:/snap/bin:/snap/bin'), ('SESSION_MANAGER', 'local/petpooja951-HP-250-15-6-inch-G9-Notebook-PC:@/tmp/.ICE-unix/1579,unix/petpooja951-HP-250-15-6-inch-G9-Notebook-PC:/tmp/.ICE-unix/1579'), ('INVOCATION_ID', '6580760768ca41e0b937baf1e927226d'), ('XDG_MENU_PREFIX', 'gnome-'), ('GNOME_SETUP_DISPLAY', ':1'), ('XDG_RUNTIME_DIR', '/run/user/1000'), ('GDK_BACKEND', 'wayland'), ('DISPLAY', ':0'), ('LANG', 'en_US.UTF-8'), ('XDG_CURRENT_DESKTOP', 'ubuntu:GNOME'), ('XMODIFIERS', '@im=ibus'), ('XDG_SESSION_DESKTOP', 'ubuntu'), ('XAUTHORITY', '/run/user/1000/.mutter-Xwaylandauth.TAQHP3'), ('LS_COLORS', ''), ('SSH_AGENT_LAUNCHER', 'gnome-keyring'), ('SSH_AUTH_SOCK', '/run/user/1000/keyring/ssh'), ('AMENT_PREFIX_PATH', '/opt/ros/humble'), ('SHELL', '/bin/bash'), ('QT_ACCESSIBILITY', '1'), ('GDMSESSION', 'ubuntu'), ('LESSCLOSE', '/usr/bin/lesspipe %s %s'), ('GJS_DEBUG_OUTPUT', 'stderr'), ('QT_IM_MODULE', 'ibus'), ('ANTIGRAVITY_TRAJECTORY_ID', 'abdbf08b-f454-4f98-9daa-6a4c79d78cd4'), ('PWD', '/home/petpooja-951/amrsim_ws/build/Waypoint-Guided-Autonomous-Robot---ROS'), ('TURTLEBOT3_MODEL', 'burger'), ('LC_ALL', 'en_US.UTF-8'), ('XDG_CONFIG_DIRS', '/etc/xdg/xdg-ubuntu:/etc/xdg'), ('VSCODE_CODE_CACHE_PATH', '/home/petpooja-951/.config/Antigravity/CachedData/15487b3041e65228cae24980a3f796c905ef582c'), ('XDG_DATA_DIRS', '/usr/share/ubuntu:/usr/local/share/:/usr/share/:/var/lib/snapd/desktop'), ('PYTHONPATH', '/opt/ros/humble/lib/python3.10/site-packages:/opt/ros/humble/local/lib/python3.10/dist-packages'), ('COLCON', '1'), ('VSCODE_PID', '25558'), ('CMAKE_PREFIX_PATH', '/opt/ros/humble')]), 'shell': False}
[1.279205] (Waypoint-Guided-Autonomous-Robot---ROS) StdoutLine: {'line': b'-- Install configuration: ""\n'}
[1.279559] (Waypoint-Guided-Autonomous-Robot---ROS) StdoutLine: {'line': b'-- Up-to-date: /home/petpooja-951/amrsim_ws/install/Waypoint-Guided-Autonomous-Robot---ROS/lib/Waypoint-Guided-Autonomous-Robot---ROS/odometry_node\n'}
[1.279932] (Waypoint-Guided-Autonomous-Robot---ROS) StdoutLine: {'line': b'-- Up-to-date: /home/petpooja-951/amrsim_ws/install/Waypoint-Guided-Autonomous-Robot---ROS/lib/Waypoint-Guided-Autonomous-Robot---ROS/autonomous_nav_node\n'}
[1.280205] (Waypoint-Guided-Autonomous-Robot---ROS) StdoutLine: {'line': b'-- Up-to-date: /home/petpooja-951/amrsim_ws/install/Waypoint-Guided-Autonomous-Robot---ROS/share/Waypoint-Guided-Autonomous-Robot---ROS/launch\n'}
[1.280379] (Waypoint-Guided-Autonomous-Robot---ROS) StdoutLine: {'line': b'-- Up-to-date: /home/petpooja-951/amrsim_ws/install/Waypoint-Guided-Autonomous-Robot---ROS/share/Waypoint-Guided-Autonomous-Robot---ROS/launch/slam.launch.py\n'}
[1.280615] (Waypoint-Guided-Autonomous-Robot---ROS) StdoutLine: {'line': b'-- Up-to-date: /home/petpooja-951/amrsim_ws/install/Waypoint-Guided-Autonomous-Robot---ROS/share/Waypoint-Guided-Autonomous-Robot---ROS/launch/bringup.launch.py\n'}
[1.280786] (Waypoint-Guided-Autonomous-Robot---ROS) StdoutLine: {'line': b'-- Up-to-date: /home/petpooja-951/amrsim_ws/install/Waypoint-Guided-Autonomous-Robot---ROS/share/Waypoint-Guided-Autonomous-Robot---ROS/launch/navigation.launch.py\n'}
[1.281102] (Waypoint-Guided-Autonomous-Robot---ROS) StdoutLine: {'line': b'-- Up-to-date: /home/petpooja-951/amrsim_ws/install/Waypoint-Guided-Autonomous-Robot---ROS/share/Waypoint-Guided-Autonomous-Robot---ROS/launch/sim.launch.py\n'}
[1.281307] (Waypoint-Guided-Autonomous-Robot---ROS) StdoutLine: {'line': b'-- Up-to-date: /home/petpooja-951/amrsim_ws/install/Waypoint-Guided-Autonomous-Robot---ROS/share/Waypoint-Guided-Autonomous-Robot---ROS/urdf\n'}
[1.281530] (Waypoint-Guided-Autonomous-Robot---ROS) StdoutLine: {'line': b'-- Up-to-date: /home/petpooja-951/amrsim_ws/install/Waypoint-Guided-Autonomous-Robot---ROS/share/Waypoint-Guided-Autonomous-Robot---ROS/urdf/my_robot.urdf\n'}
[1.281712] (Waypoint-Guided-Autonomous-Robot---ROS) StdoutLine: {'line': b'-- Up-to-date: /home/petpooja-951/amrsim_ws/install/Waypoint-Guided-Autonomous-Robot---ROS/share/Waypoint-Guided-Autonomous-Robot---ROS/urdf/old_model.urdf\n'}
[1.281903] (Waypoint-Guided-Autonomous-Robot---ROS) StdoutLine: {'line': b'-- Up-to-date: /home/petpooja-951/amrsim_ws/install/Waypoint-Guided-Autonomous-Robot---ROS/share/Waypoint-Guided-Autonomous-Robot---ROS/config\n'}
[1.282147] (Waypoint-Guided-Autonomous-Robot---ROS) StdoutLine: {'line': b'-- Up-to-date: /home/petpooja-951/amrsim_ws/install/Waypoint-Guided-Autonomous-Robot---ROS/share/Waypoint-Guided-Autonomous-Robot---ROS/config/controllers.yaml\n'}
[1.282268] (Waypoint-Guided-Autonomous-Robot---ROS) StdoutLine: {'line': b'-- Up-to-date: /home/petpooja-951/amrsim_ws/install/Waypoint-Guided-Autonomous-Robot---ROS/share/Waypoint-Guided-Autonomous-Robot---ROS/config/nav2_params.yaml\n'}
[1.282363] (Waypoint-Guided-Autonomous-Robot---ROS) StdoutLine: {'line': b'-- Up-to-date: /home/petpooja-951/amrsim_ws/install/Waypoint-Guided-Autonomous-Robot---ROS/share/Waypoint-Guided-Autonomous-Robot---ROS/config/slam_toolbox.yaml\n'}
[1.282451] (Waypoint-Guided-Autonomous-Robot---ROS) StdoutLine: {'line': b'-- Up-to-date: /home/petpooja-951/amrsim_ws/install/Waypoint-Guided-Autonomous-Robot---ROS/share/Waypoint-Guided-Autonomous-Robot---ROS/maps\n'}
[1.282521] (Waypoint-Guided-Autonomous-Robot---ROS) StdoutLine: {'line': b'-- Installing: /home/petpooja-951/amrsim_ws/install/Waypoint-Guided-Autonomous-Robot---ROS/share/ament_index/resource_index/package_run_dependencies/Waypoint-Guided-Autonomous-Robot---ROS\n'}
[1.282646] (Waypoint-Guided-Autonomous-Robot---ROS) StdoutLine: {'line': b'-- Up-to-date: /home/petpooja-951/amrsim_ws/install/Waypoint-Guided-Autonomous-Robot---ROS/share/ament_index/resource_index/parent_prefix_path/Waypoint-Guided-Autonomous-Robot---ROS\n'}
[1.282755] (Waypoint-Guided-Autonomous-Robot---ROS) StdoutLine: {'line': b'-- Up-to-date: /home/petpooja-951/amrsim_ws/install/Waypoint-Guided-Autonomous-Robot---ROS/share/Waypoint-Guided-Autonomous-Robot---ROS/environment/ament_prefix_path.sh\n'}
[1.282858] (Waypoint-Guided-Autonomous-Robot---ROS) StdoutLine: {'line': b'-- Installing: /home/petpooja-951/amrsim_ws/install/Waypoint-Guided-Autonomous-Robot---ROS/share/Waypoint-Guided-Autonomous-Robot---ROS/environment/ament_prefix_path.dsv\n'}
[1.282955] (Waypoint-Guided-Autonomous-Robot---ROS) StdoutLine: {'line': b'-- Up-to-date: /home/petpooja-951/amrsim_ws/install/Waypoint-Guided-Autonomous-Robot---ROS/share/Waypoint-Guided-Autonomous-Robot---ROS/environment/path.sh\n'}
[1.283069] (Waypoint-Guided-Autonomous-Robot---ROS) StdoutLine: {'line': b'-- Installing: /home/petpooja-951/amrsim_ws/install/Waypoint-Guided-Autonomous-Robot---ROS/share/Waypoint-Guided-Autonomous-Robot---ROS/environment/path.dsv\n'}
[1.283168] (Waypoint-Guided-Autonomous-Robot---ROS) StdoutLine: {'line': b'-- Up-to-date: /home/petpooja-951/amrsim_ws/install/Waypoint-Guided-Autonomous-Robot---ROS/share/Waypoint-Guided-Autonomous-Robot---ROS/local_setup.bash\n'}
[1.283591] (Waypoint-Guided-Autonomous-Robot---ROS) StdoutLine: {'line': b'-- Up-to-date: /home/petpooja-951/amrsim_ws/install/Waypoint-Guided-Autonomous-Robot---ROS/share/Waypoint-Guided-Autonomous-Robot---ROS/local_setup.sh\n'}
[1.283702] (Waypoint-Guided-Autonomous-Robot---ROS) StdoutLine: {'line': b'-- Up-to-date: /home/petpooja-951/amrsim_ws/install/Waypoint-Guided-Autonomous-Robot---ROS/share/Waypoint-Guided-Autonomous-Robot---ROS/local_setup.zsh\n'}
[1.283791] (Waypoint-Guided-Autonomous-Robot---ROS) StdoutLine: {'line': b'-- Installing: /home/petpooja-951/amrsim_ws/install/Waypoint-Guided-Autonomous-Robot---ROS/share/Waypoint-Guided-Autonomous-Robot---ROS/local_setup.dsv\n'}
[1.283876] (Waypoint-Guided-Autonomous-Robot---ROS) StdoutLine: {'line': b'-- Installing: /home/petpooja-951/amrsim_ws/install/Waypoint-Guided-Autonomous-Robot---ROS/share/Waypoint-Guided-Autonomous-Robot---ROS/package.dsv\n'}
[1.284028] (Waypoint-Guided-Autonomous-Robot---ROS) StdoutLine: {'line': b'-- Up-to-date: /home/petpooja-951/amrsim_ws/install/Waypoint-Guided-Autonomous-Robot---ROS/share/ament_index/resource_index/packages/Waypoint-Guided-Autonomous-Robot---ROS\n'}
[1.284134] (Waypoint-Guided-Autonomous-Robot---ROS) StdoutLine: {'line': b'-- Up-to-date: /home/petpooja-951/amrsim_ws/install/Waypoint-Guided-Autonomous-Robot---ROS/share/Waypoint-Guided-Autonomous-Robot---ROS/cmake/Waypoint-Guided-Autonomous-Robot---ROSConfig.cmake\n'}
[1.284225] (Waypoint-Guided-Autonomous-Robot---ROS) StdoutLine: {'line': b'-- Up-to-date: /home/petpooja-951/amrsim_ws/install/Waypoint-Guided-Autonomous-Robot---ROS/share/Waypoint-Guided-Autonomous-Robot---ROS/cmake/Waypoint-Guided-Autonomous-Robot---ROSConfig-version.cmake\n'}
[1.284338] (Waypoint-Guided-Autonomous-Robot---ROS) StdoutLine: {'line': b'-- Installing: /home/petpooja-951/amrsim_ws/install/Waypoint-Guided-Autonomous-Robot---ROS/share/Waypoint-Guided-Autonomous-Robot---ROS/package.xml\n'}
[1.287421] (Waypoint-Guided-Autonomous-Robot---ROS) CommandEnded: {'returncode': 0}
[1.301723] (-) TimerEvent: {}
[1.316129] (Waypoint-Guided-Autonomous-Robot---ROS) JobEnded: {'identifier': 'Waypoint-Guided-Autonomous-Robot---ROS', 'rc': 0}
[1.317881] (-) EventReactorShutdown: {}
