[0.016s] Invoking command in '/home/petpooja-951/amrsim_ws/build/Waypoint-Guided-Autonomous-Robot---ROS': CMAKE_PREFIX_PATH=/opt/ros/humble /usr/bin/cmake --build /home/petpooja-951/amrsim_ws/build/Waypoint-Guided-Autonomous-Robot---ROS -- -j8 -l8
[0.057s] -- Found ament_cmake: 1.3.14 (/opt/ros/humble/share/ament_cmake/cmake)
[0.257s] -- Found rclcpp: 16.0.19 (/opt/ros/humble/share/rclcpp/cmake)
[0.313s] -- Found rosidl_generator_c: 3.1.8 (/opt/ros/humble/share/rosidl_generator_c/cmake)
[0.319s] -- Found rosidl_adapter: 3.1.8 (/opt/ros/humble/share/rosidl_adapter/cmake)
[0.331s] -- Found rosidl_generator_cpp: 3.1.8 (/opt/ros/humble/share/rosidl_generator_cpp/cmake)
[0.354s] -- Using all available rosidl_typesupport_c: rosidl_typesupport_fastrtps_c;rosidl_typesupport_introspection_c
[0.376s] -- Using all available rosidl_typesupport_cpp: rosidl_typesupport_fastrtps_cpp;rosidl_typesupport_introspection_cpp
[0.439s] -- Found rmw_implementation_cmake: 6.1.2 (/opt/ros/humble/share/rmw_implementation_cmake/cmake)
[0.441s] -- Found rmw_fastrtps_cpp: 6.2.10 (/opt/ros/humble/share/rmw_fastrtps_cpp/cmake)
[0.600s] -- Using RMW implementation 'rmw_fastrtps_cpp' as default
[0.674s] -- Found rclcpp_action: 16.0.19 (/opt/ros/humble/share/rclcpp_action/cmake)
[0.716s] -- Found std_srvs: 4.9.1 (/opt/ros/humble/share/std_srvs/cmake)
[0.730s] -- Found geometry_msgs: 4.9.1 (/opt/ros/humble/share/geometry_msgs/cmake)
[0.747s] -- Found nav_msgs: 4.9.1 (/opt/ros/humble/share/nav_msgs/cmake)
[0.775s] -- Found sensor_msgs: 4.9.1 (/opt/ros/humble/share/sensor_msgs/cmake)
[0.801s] -- Found tf2: 0.25.20 (/opt/ros/humble/share/tf2/cmake)
[0.806s] -- Found tf2_ros: 0.25.20 (/opt/ros/humble/share/tf2_ros/cmake)
[0.886s] -- Found nav2_msgs: 1.1.20 (/opt/ros/humble/share/nav2_msgs/cmake)
[0.942s] -- Found ament_lint_auto: 0.12.15 (/opt/ros/humble/share/ament_lint_auto/cmake)
[1.066s] WARNING: Package name "Waypoint-Guided-Autonomous-Robot---ROS" does not follow the naming conventions. It should start with a lower case letter and only contain lower case letters, digits, underscores, and dashes.
[1.098s] -- Added test 'cppcheck' to perform static code analysis on C / C++ code
[1.099s] -- Configured cppcheck include dirs: 
[1.099s] -- Configured cppcheck exclude dirs and/or files: 
[1.100s] -- Added test 'flake8' to check Python code syntax and style conventions
[1.102s] -- Added test 'lint_cmake' to check CMake code style
[1.104s] -- Added test 'pep257' to check Python code against some of the docstring style conventions in PEP 257
[1.114s] -- Added test 'uncrustify' to check C / C++ code style
[1.114s] -- Configured uncrustify additional arguments: 
[1.117s] -- Added test 'xmllint' to check XML markup files
[1.120s] -- Configuring done
[1.144s] -- Generating done
[1.158s] -- Build files have been written to: /home/petpooja-951/amrsim_ws/build/Waypoint-Guided-Autonomous-Robot---ROS
[1.198s] [35m[1mConsolidate compiler generated dependencies of target autonomous_nav_node[0m
[1.200s] [35m[1mConsolidate compiler generated dependencies of target odometry_node[0m
[1.228s] [ 50%] Built target odometry_node
[1.229s] [100%] Built target autonomous_nav_node
[1.245s] Invoked command in '/home/petpooja-951/amrsim_ws/build/Waypoint-Guided-Autonomous-Robot---ROS' returned '0': CMAKE_PREFIX_PATH=/opt/ros/humble /usr/bin/cmake --build /home/petpooja-951/amrsim_ws/build/Waypoint-Guided-Autonomous-Robot---ROS -- -j8 -l8
[1.266s] Invoking command in '/home/petpooja-951/amrsim_ws/build/Waypoint-Guided-Autonomous-Robot---ROS': CMAKE_PREFIX_PATH=/opt/ros/humble /usr/bin/cmake --install /home/petpooja-951/amrsim_ws/build/Waypoint-Guided-Autonomous-Robot---ROS
[1.278s] -- Install configuration: ""
[1.279s] -- Up-to-date: /home/petpooja-951/amrsim_ws/install/Waypoint-Guided-Autonomous-Robot---ROS/lib/Waypoint-Guided-Autonomous-Robot---ROS/odometry_node
[1.279s] -- Up-to-date: /home/petpooja-951/amrsim_ws/install/Waypoint-Guided-Autonomous-Robot---ROS/lib/Waypoint-Guided-Autonomous-Robot---ROS/autonomous_nav_node
[1.279s] -- Up-to-date: /home/petpooja-951/amrsim_ws/install/Waypoint-Guided-Autonomous-Robot---ROS/share/Waypoint-Guided-Autonomous-Robot---ROS/launch
[1.280s] -- Up-to-date: /home/petpooja-951/amrsim_ws/install/Waypoint-Guided-Autonomous-Robot---ROS/share/Waypoint-Guided-Autonomous-Robot---ROS/launch/slam.launch.py
[1.280s] -- Up-to-date: /home/petpooja-951/amrsim_ws/install/Waypoint-Guided-Autonomous-Robot---ROS/share/Waypoint-Guided-Autonomous-Robot---ROS/launch/bringup.launch.py
[1.280s] -- Up-to-date: /home/petpooja-951/amrsim_ws/install/Waypoint-Guided-Autonomous-Robot---ROS/share/Waypoint-Guided-Autonomous-Robot---ROS/launch/navigation.launch.py
[1.280s] -- Up-to-date: /home/petpooja-951/amrsim_ws/install/Waypoint-Guided-Autonomous-Robot---ROS/share/Waypoint-Guided-Autonomous-Robot---ROS/launch/sim.launch.py
[1.280s] -- Up-to-date: /home/petpooja-951/amrsim_ws/install/Waypoint-Guided-Autonomous-Robot---ROS/share/Waypoint-Guided-Autonomous-Robot---ROS/urdf
[1.281s] -- Up-to-date: /home/petpooja-951/amrsim_ws/install/Waypoint-Guided-Autonomous-Robot---ROS/share/Waypoint-Guided-Autonomous-Robot---ROS/urdf/my_robot.urdf
[1.281s] -- Up-to-date: /home/petpooja-951/amrsim_ws/install/Waypoint-Guided-Autonomous-Robot---ROS/share/Waypoint-Guided-Autonomous-Robot---ROS/urdf/old_model.urdf
[1.281s] -- Up-to-date: /home/petpooja-951/amrsim_ws/install/Waypoint-Guided-Autonomous-Robot---ROS/share/Waypoint-Guided-Autonomous-Robot---ROS/config
[1.281s] -- Up-to-date: /home/petpooja-951/amrsim_ws/install/Waypoint-Guided-Autonomous-Robot---ROS/share/Waypoint-Guided-Autonomous-Robot---ROS/config/controllers.yaml
[1.281s] -- Up-to-date: /home/petpooja-951/amrsim_ws/install/Waypoint-Guided-Autonomous-Robot---ROS/share/Waypoint-Guided-Autonomous-Robot---ROS/config/nav2_params.yaml
[1.281s] -- Up-to-date: /home/petpooja-951/amrsim_ws/install/Waypoint-Guided-Autonomous-Robot---ROS/share/Waypoint-Guided-Autonomous-Robot---ROS/config/slam_toolbox.yaml
[1.281s] -- Up-to-date: /home/petpooja-951/amrsim_ws/install/Waypoint-Guided-Autonomous-Robot---ROS/share/Waypoint-Guided-Autonomous-Robot---ROS/maps
[1.282s] -- Installing: /home/petpooja-951/amrsim_ws/install/Waypoint-Guided-Autonomous-Robot---ROS/share/ament_index/resource_index/package_run_dependencies/Waypoint-Guided-Autonomous-Robot---ROS
[1.282s] -- Up-to-date: /home/petpooja-951/amrsim_ws/install/Waypoint-Guided-Autonomous-Robot---ROS/share/ament_index/resource_index/parent_prefix_path/Waypoint-Guided-Autonomous-Robot---ROS
[1.282s] -- Up-to-date: /home/petpooja-951/amrsim_ws/install/Waypoint-Guided-Autonomous-Robot---ROS/share/Waypoint-Guided-Autonomous-Robot---ROS/environment/ament_prefix_path.sh
[1.282s] -- Installing: /home/petpooja-951/amrsim_ws/install/Waypoint-Guided-Autonomous-Robot---ROS/share/Waypoint-Guided-Autonomous-Robot---ROS/environment/ament_prefix_path.dsv
[1.282s] -- Up-to-date: /home/petpooja-951/amrsim_ws/install/Waypoint-Guided-Autonomous-Robot---ROS/share/Waypoint-Guided-Autonomous-Robot---ROS/environment/path.sh
[1.282s] -- Installing: /home/petpooja-951/amrsim_ws/install/Waypoint-Guided-Autonomous-Robot---ROS/share/Waypoint-Guided-Autonomous-Robot---ROS/environment/path.dsv
[1.283s] -- Up-to-date: /home/petpooja-951/amrsim_ws/install/Waypoint-Guided-Autonomous-Robot---ROS/share/Waypoint-Guided-Autonomous-Robot---ROS/local_setup.bash
[1.283s] -- Up-to-date: /home/petpooja-951/amrsim_ws/install/Waypoint-Guided-Autonomous-Robot---ROS/share/Waypoint-Guided-Autonomous-Robot---ROS/local_setup.sh
[1.283s] -- Up-to-date: /home/petpooja-951/amrsim_ws/install/Waypoint-Guided-Autonomous-Robot---ROS/share/Waypoint-Guided-Autonomous-Robot---ROS/local_setup.zsh
[1.283s] -- Installing: /home/petpooja-951/amrsim_ws/install/Waypoint-Guided-Autonomous-Robot---ROS/share/Waypoint-Guided-Autonomous-Robot---ROS/local_setup.dsv
[1.283s] -- Installing: /home/petpooja-951/amrsim_ws/install/Waypoint-Guided-Autonomous-Robot---ROS/share/Waypoint-Guided-Autonomous-Robot---ROS/package.dsv
[1.283s] -- Up-to-date: /home/petpooja-951/amrsim_ws/install/Waypoint-Guided-Autonomous-Robot---ROS/share/ament_index/resource_index/packages/Waypoint-Guided-Autonomous-Robot---ROS
[1.283s] -- Up-to-date: /home/petpooja-951/amrsim_ws/install/Waypoint-Guided-Autonomous-Robot---ROS/share/Waypoint-Guided-Autonomous-Robot---ROS/cmake/Waypoint-Guided-Autonomous-Robot---ROSConfig.cmake
[1.283s] -- Up-to-date: /home/petpooja-951/amrsim_ws/install/Waypoint-Guided-Autonomous-Robot---ROS/share/Waypoint-Guided-Autonomous-Robot---ROS/cmake/Waypoint-Guided-Autonomous-Robot---ROSConfig-version.cmake
[1.283s] -- Installing: /home/petpooja-951/amrsim_ws/install/Waypoint-Guided-Autonomous-Robot---ROS/share/Waypoint-Guided-Autonomous-Robot---ROS/package.xml
[1.287s] Invoked command in '/home/petpooja-951/amrsim_ws/build/Waypoint-Guided-Autonomous-Robot---ROS' returned '0': CMAKE_PREFIX_PATH=/opt/ros/humble /usr/bin/cmake --install /home/petpooja-951/amrsim_ws/build/Waypoint-Guided-Autonomous-Robot---ROS
