[0.160s] DEBUG:colcon:Command line arguments: ['/usr/bin/colcon', 'build', '--build-base', '../../build', '--install-base', '../../install']
[0.160s] DEBUG:colcon:Parsed command line arguments: Namespace(log_base=None, log_level=None, verb_name='build', build_base='/home/petpooja-951/amrsim_ws/build', install_base='/home/petpooja-951/amrsim_ws/install', merge_install=False, symlink_install=False, test_result_base=None, continue_on_error=False, executor='parallel', parallel_workers=8, event_handlers=None, ignore_user_meta=False, metas=['./colcon.meta'], base_paths=['.'], packages_ignore=None, packages_ignore_regex=None, paths=None, packages_up_to=None, packages_up_to_regex=None, packages_above=None, packages_above_and_dependencies=None, packages_above_depth=None, packages_select_by_dep=None, packages_skip_by_dep=None, packages_skip_up_to=None, packages_select_build_failed=False, packages_skip_build_finished=False, packages_select_test_failures=False, packages_skip_test_passed=False, packages_select=None, packages_skip=None, packages_select_regex=None, packages_skip_regex=None, packages_start=None, packages_end=None, allow_overriding=[], cmake_args=None, cmake_target=None, cmake_target_skip_unavailable=False, cmake_clean_cache=False, cmake_clean_first=False, cmake_force_configure=False, ament_cmake_args=None, catkin_cmake_args=None, catkin_skip_building_tests=False, verb_parser=<colcon_defaults.argument_parser.defaults.DefaultArgumentsDecorator object at 0x7e9b4b2689d0>, verb_extension=<colcon_core.verb.build.BuildVerb object at 0x7e9b4b375ea0>, main=<bound method BuildVerb.main of <colcon_core.verb.build.BuildVerb object at 0x7e9b4b375ea0>>)
[0.314s] Level 1:colcon.colcon_core.package_discovery:discover_packages(colcon_meta) check parameters
[0.314s] Level 1:colcon.colcon_core.package_discovery:discover_packages(recursive) check parameters
[0.314s] Level 1:colcon.colcon_core.package_discovery:discover_packages(ignore) check parameters
[0.314s] Level 1:colcon.colcon_core.package_discovery:discover_packages(path) check parameters
[0.314s] Level 1:colcon.colcon_core.package_discovery:discover_packages(colcon_meta) discover
[0.314s] Level 1:colcon.colcon_core.package_discovery:discover_packages(recursive) discover
[0.314s] INFO:colcon.colcon_core.package_discovery:Crawling recursively for packages in '/home/petpooja-951/amrsim_ws/src/Waypoint-Guided-Autonomous-Robot---ROS'
[0.314s] Level 1:colcon.colcon_core.package_identification:_identify(.) by extensions ['ignore', 'ignore_ament_install']
[0.314s] Level 1:colcon.colcon_core.package_identification:_identify(.) by extension 'ignore'
[0.314s] Level 1:colcon.colcon_core.package_identification:_identify(.) by extension 'ignore_ament_install'
[0.314s] Level 1:colcon.colcon_core.package_identification:_identify(.) by extensions ['colcon_pkg']
[0.314s] Level 1:colcon.colcon_core.package_identification:_identify(.) by extension 'colcon_pkg'
[0.314s] Level 1:colcon.colcon_core.package_identification:_identify(.) by extensions ['colcon_meta']
[0.315s] Level 1:colcon.colcon_core.package_identification:_identify(.) by extension 'colcon_meta'
[0.315s] Level 1:colcon.colcon_core.package_identification:_identify(.) by extensions ['ros']
[0.315s] Level 1:colcon.colcon_core.package_identification:_identify(.) by extension 'ros'
[0.341s] DEBUG:colcon.colcon_core.package_identification:Package '.' with type 'ros.ament_cmake' and name 'Waypoint-Guided-Autonomous-Robot---ROS'
[0.341s] Level 1:colcon.colcon_core.package_discovery:discover_packages(recursive) using defaults
[0.341s] Level 1:colcon.colcon_core.package_discovery:discover_packages(ignore) discover
[0.341s] Level 1:colcon.colcon_core.package_discovery:discover_packages(ignore) using defaults
[0.341s] Level 1:colcon.colcon_core.package_discovery:discover_packages(path) discover
[0.341s] Level 1:colcon.colcon_core.package_discovery:discover_packages(path) using defaults
[0.359s] Level 1:colcon.colcon_core.package_discovery:discover_packages(prefix_path) check parameters
[0.359s] Level 1:colcon.colcon_core.package_discovery:discover_packages(prefix_path) discover
[0.361s] DEBUG:colcon.colcon_installed_package_information.package_discovery:Found 443 installed packages in /opt/ros/humble
[0.363s] Level 1:colcon.colcon_core.package_discovery:discover_packages(prefix_path) using defaults
[0.406s] Level 5:colcon.colcon_core.verb:set package 'Waypoint-Guided-Autonomous-Robot---ROS' build argument 'cmake_args' from command line to 'None'
[0.406s] Level 5:colcon.colcon_core.verb:set package 'Waypoint-Guided-Autonomous-Robot---ROS' build argument 'cmake_target' from command line to 'None'
[0.406s] Level 5:colcon.colcon_core.verb:set package 'Waypoint-Guided-Autonomous-Robot---ROS' build argument 'cmake_target_skip_unavailable' from command line to 'False'
[0.406s] Level 5:colcon.colcon_core.verb:set package 'Waypoint-Guided-Autonomous-Robot---ROS' build argument 'cmake_clean_cache' from command line to 'False'
[0.406s] Level 5:colcon.colcon_core.verb:set package 'Waypoint-Guided-Autonomous-Robot---ROS' build argument 'cmake_clean_first' from command line to 'False'
[0.406s] Level 5:colcon.colcon_core.verb:set package 'Waypoint-Guided-Autonomous-Robot---ROS' build argument 'cmake_force_configure' from command line to 'False'
[0.406s] Level 5:colcon.colcon_core.verb:set package 'Waypoint-Guided-Autonomous-Robot---ROS' build argument 'ament_cmake_args' from command line to 'None'
[0.406s] Level 5:colcon.colcon_core.verb:set package 'Waypoint-Guided-Autonomous-Robot---ROS' build argument 'catkin_cmake_args' from command line to 'None'
[0.406s] Level 5:colcon.colcon_core.verb:set package 'Waypoint-Guided-Autonomous-Robot---ROS' build argument 'catkin_skip_building_tests' from command line to 'False'
[0.406s] DEBUG:colcon.colcon_core.verb:Building package 'Waypoint-Guided-Autonomous-Robot---ROS' with the following arguments: {'ament_cmake_args': None, 'build_base': '/home/petpooja-951/amrsim_ws/build/Waypoint-Guided-Autonomous-Robot---ROS', 'catkin_cmake_args': None, 'catkin_skip_building_tests': False, 'cmake_args': None, 'cmake_clean_cache': False, 'cmake_clean_first': False, 'cmake_force_configure': False, 'cmake_target': None, 'cmake_target_skip_unavailable': False, 'install_base': '/home/petpooja-951/amrsim_ws/install/Waypoint-Guided-Autonomous-Robot---ROS', 'merge_install': False, 'path': '/home/petpooja-951/amrsim_ws/src/Waypoint-Guided-Autonomous-Robot---ROS', 'symlink_install': False, 'test_result_base': None}
[0.406s] INFO:colcon.colcon_core.executor:Executing jobs using 'parallel' executor
[0.408s] DEBUG:colcon.colcon_parallel_executor.executor.parallel:run_until_complete
[0.408s] INFO:colcon.colcon_ros.task.ament_cmake.build:Building ROS package in '/home/petpooja-951/amrsim_ws/src/Waypoint-Guided-Autonomous-Robot---ROS' with build type 'ament_cmake'
[0.408s] INFO:colcon.colcon_cmake.task.cmake.build:Building CMake package in '/home/petpooja-951/amrsim_ws/src/Waypoint-Guided-Autonomous-Robot---ROS'
[0.410s] INFO:colcon.colcon_core.plugin_system:Skipping extension 'colcon_core.shell.bat': Not used on non-Windows systems
[0.410s] INFO:colcon.colcon_core.shell:Skip shell extension 'powershell' for command environment: Not usable outside of PowerShell
[0.410s] DEBUG:colcon.colcon_core.shell:Skip shell extension 'dsv' for command environment
[0.417s] DEBUG:colcon.colcon_core.event_handler.log_command:Invoking command in '/home/petpooja-951/amrsim_ws/build/Waypoint-Guided-Autonomous-Robot---ROS': CMAKE_PREFIX_PATH=/opt/ros/humble /usr/bin/cmake /home/petpooja-951/amrsim_ws/src/Waypoint-Guided-Autonomous-Robot---ROS -DCMAKE_INSTALL_PREFIX=/home/petpooja-951/amrsim_ws/install/Waypoint-Guided-Autonomous-Robot---ROS
[1.815s] DEBUG:colcon.colcon_core.event_handler.log_command:Invoked command in '/home/petpooja-951/amrsim_ws/build/Waypoint-Guided-Autonomous-Robot---ROS' returned '0': CMAKE_PREFIX_PATH=/opt/ros/humble /usr/bin/cmake /home/petpooja-951/amrsim_ws/src/Waypoint-Guided-Autonomous-Robot---ROS -DCMAKE_INSTALL_PREFIX=/home/petpooja-951/amrsim_ws/install/Waypoint-Guided-Autonomous-Robot---ROS
[1.817s] DEBUG:colcon.colcon_core.event_handler.log_command:Invoking command in '/home/petpooja-951/amrsim_ws/build/Waypoint-Guided-Autonomous-Robot---ROS': CMAKE_PREFIX_PATH=/opt/ros/humble /usr/bin/cmake --build /home/petpooja-951/amrsim_ws/build/Waypoint-Guided-Autonomous-Robot---ROS -- -j8 -l8
[12.095s] DEBUG:colcon.colcon_core.event_handler.log_command:Invoked command in '/home/petpooja-951/amrsim_ws/build/Waypoint-Guided-Autonomous-Robot---ROS' returned '0': CMAKE_PREFIX_PATH=/opt/ros/humble /usr/bin/cmake --build /home/petpooja-951/amrsim_ws/build/Waypoint-Guided-Autonomous-Robot---ROS -- -j8 -l8
[12.108s] DEBUG:colcon.colcon_core.event_handler.log_command:Invoking command in '/home/petpooja-951/amrsim_ws/build/Waypoint-Guided-Autonomous-Robot---ROS': CMAKE_PREFIX_PATH=/opt/ros/humble /usr/bin/cmake --install /home/petpooja-951/amrsim_ws/build/Waypoint-Guided-Autonomous-Robot---ROS
[12.126s] Level 1:colcon.colcon_core.environment:create_environment_scripts_only(Waypoint-Guided-Autonomous-Robot---ROS)
[12.127s] DEBUG:colcon.colcon_core.event_handler.log_command:Invoked command in '/home/petpooja-951/amrsim_ws/build/Waypoint-Guided-Autonomous-Robot---ROS' returned '0': CMAKE_PREFIX_PATH=/opt/ros/humble /usr/bin/cmake --install /home/petpooja-951/amrsim_ws/build/Waypoint-Guided-Autonomous-Robot---ROS
[12.131s] Level 1:colcon.colcon_core.environment:checking '/home/petpooja-951/amrsim_ws/install/Waypoint-Guided-Autonomous-Robot---ROS' for CMake module files
[12.131s] Level 1:colcon.colcon_core.environment:checking '/home/petpooja-951/amrsim_ws/install/Waypoint-Guided-Autonomous-Robot---ROS' for CMake config files
[12.132s] Level 1:colcon.colcon_core.shell:create_environment_hook('Waypoint-Guided-Autonomous-Robot---ROS', 'cmake_prefix_path')
[12.132s] INFO:colcon.colcon_core.shell:Creating environment hook '/home/petpooja-951/amrsim_ws/install/Waypoint-Guided-Autonomous-Robot---ROS/share/Waypoint-Guided-Autonomous-Robot---ROS/hook/cmake_prefix_path.ps1'
[12.133s] INFO:colcon.colcon_core.shell:Creating environment descriptor '/home/petpooja-951/amrsim_ws/install/Waypoint-Guided-Autonomous-Robot---ROS/share/Waypoint-Guided-Autonomous-Robot---ROS/hook/cmake_prefix_path.dsv'
[12.134s] INFO:colcon.colcon_core.shell:Creating environment hook '/home/petpooja-951/amrsim_ws/install/Waypoint-Guided-Autonomous-Robot---ROS/share/Waypoint-Guided-Autonomous-Robot---ROS/hook/cmake_prefix_path.sh'
[12.135s] Level 1:colcon.colcon_core.environment:checking '/home/petpooja-951/amrsim_ws/install/Waypoint-Guided-Autonomous-Robot---ROS/lib'
[12.135s] Level 1:colcon.colcon_core.environment:checking '/home/petpooja-951/amrsim_ws/install/Waypoint-Guided-Autonomous-Robot---ROS/bin'
[12.135s] Level 1:colcon.colcon_core.environment:checking '/home/petpooja-951/amrsim_ws/install/Waypoint-Guided-Autonomous-Robot---ROS/lib/pkgconfig/Waypoint-Guided-Autonomous-Robot---ROS.pc'
[12.135s] Level 1:colcon.colcon_core.environment:checking '/home/petpooja-951/amrsim_ws/install/Waypoint-Guided-Autonomous-Robot---ROS/lib/python3.10/site-packages'
[12.135s] Level 1:colcon.colcon_core.environment:checking '/home/petpooja-951/amrsim_ws/install/Waypoint-Guided-Autonomous-Robot---ROS/bin'
[12.136s] INFO:colcon.colcon_core.shell:Creating package script '/home/petpooja-951/amrsim_ws/install/Waypoint-Guided-Autonomous-Robot---ROS/share/Waypoint-Guided-Autonomous-Robot---ROS/package.ps1'
[12.137s] INFO:colcon.colcon_core.shell:Creating package descriptor '/home/petpooja-951/amrsim_ws/install/Waypoint-Guided-Autonomous-Robot---ROS/share/Waypoint-Guided-Autonomous-Robot---ROS/package.dsv'
[12.137s] INFO:colcon.colcon_core.shell:Creating package script '/home/petpooja-951/amrsim_ws/install/Waypoint-Guided-Autonomous-Robot---ROS/share/Waypoint-Guided-Autonomous-Robot---ROS/package.sh'
[12.138s] INFO:colcon.colcon_core.shell:Creating package script '/home/petpooja-951/amrsim_ws/install/Waypoint-Guided-Autonomous-Robot---ROS/share/Waypoint-Guided-Autonomous-Robot---ROS/package.bash'
[12.138s] INFO:colcon.colcon_core.shell:Creating package script '/home/petpooja-951/amrsim_ws/install/Waypoint-Guided-Autonomous-Robot---ROS/share/Waypoint-Guided-Autonomous-Robot---ROS/package.zsh'
[12.139s] Level 1:colcon.colcon_core.environment:create_file_with_runtime_dependencies(/home/petpooja-951/amrsim_ws/install/Waypoint-Guided-Autonomous-Robot---ROS/share/colcon-core/packages/Waypoint-Guided-Autonomous-Robot---ROS)
[12.139s] Level 1:colcon.colcon_core.environment:create_environment_scripts_only(Waypoint-Guided-Autonomous-Robot---ROS)
[12.140s] Level 1:colcon.colcon_core.environment:checking '/home/petpooja-951/amrsim_ws/install/Waypoint-Guided-Autonomous-Robot---ROS' for CMake module files
[12.140s] Level 1:colcon.colcon_core.environment:checking '/home/petpooja-951/amrsim_ws/install/Waypoint-Guided-Autonomous-Robot---ROS' for CMake config files
[12.140s] Level 1:colcon.colcon_core.shell:create_environment_hook('Waypoint-Guided-Autonomous-Robot---ROS', 'cmake_prefix_path')
[12.140s] INFO:colcon.colcon_core.shell:Creating environment hook '/home/petpooja-951/amrsim_ws/install/Waypoint-Guided-Autonomous-Robot---ROS/share/Waypoint-Guided-Autonomous-Robot---ROS/hook/cmake_prefix_path.ps1'
[12.141s] INFO:colcon.colcon_core.shell:Creating environment descriptor '/home/petpooja-951/amrsim_ws/install/Waypoint-Guided-Autonomous-Robot---ROS/share/Waypoint-Guided-Autonomous-Robot---ROS/hook/cmake_prefix_path.dsv'
[12.141s] INFO:colcon.colcon_core.shell:Creating environment hook '/home/petpooja-951/amrsim_ws/install/Waypoint-Guided-Autonomous-Robot---ROS/share/Waypoint-Guided-Autonomous-Robot---ROS/hook/cmake_prefix_path.sh'
[12.142s] Level 1:colcon.colcon_core.environment:checking '/home/petpooja-951/amrsim_ws/install/Waypoint-Guided-Autonomous-Robot---ROS/lib'
[12.142s] Level 1:colcon.colcon_core.environment:checking '/home/petpooja-951/amrsim_ws/install/Waypoint-Guided-Autonomous-Robot---ROS/bin'
[12.142s] Level 1:colcon.colcon_core.environment:checking '/home/petpooja-951/amrsim_ws/install/Waypoint-Guided-Autonomous-Robot---ROS/lib/pkgconfig/Waypoint-Guided-Autonomous-Robot---ROS.pc'
[12.142s] Level 1:colcon.colcon_core.environment:checking '/home/petpooja-951/amrsim_ws/install/Waypoint-Guided-Autonomous-Robot---ROS/lib/python3.10/site-packages'
[12.142s] Level 1:colcon.colcon_core.environment:checking '/home/petpooja-951/amrsim_ws/install/Waypoint-Guided-Autonomous-Robot---ROS/bin'
[12.143s] INFO:colcon.colcon_core.shell:Creating package script '/home/petpooja-951/amrsim_ws/install/Waypoint-Guided-Autonomous-Robot---ROS/share/Waypoint-Guided-Autonomous-Robot---ROS/package.ps1'
[12.143s] INFO:colcon.colcon_core.shell:Creating package descriptor '/home/petpooja-951/amrsim_ws/install/Waypoint-Guided-Autonomous-Robot---ROS/share/Waypoint-Guided-Autonomous-Robot---ROS/package.dsv'
[12.144s] INFO:colcon.colcon_core.shell:Creating package script '/home/petpooja-951/amrsim_ws/install/Waypoint-Guided-Autonomous-Robot---ROS/share/Waypoint-Guided-Autonomous-Robot---ROS/package.sh'
[12.145s] INFO:colcon.colcon_core.shell:Creating package script '/home/petpooja-951/amrsim_ws/install/Waypoint-Guided-Autonomous-Robot---ROS/share/Waypoint-Guided-Autonomous-Robot---ROS/package.bash'
[12.145s] INFO:colcon.colcon_core.shell:Creating package script '/home/petpooja-951/amrsim_ws/install/Waypoint-Guided-Autonomous-Robot---ROS/share/Waypoint-Guided-Autonomous-Robot---ROS/package.zsh'
[12.145s] Level 1:colcon.colcon_core.environment:create_file_with_runtime_dependencies(/home/petpooja-951/amrsim_ws/install/Waypoint-Guided-Autonomous-Robot---ROS/share/colcon-core/packages/Waypoint-Guided-Autonomous-Robot---ROS)
[12.145s] DEBUG:colcon.colcon_parallel_executor.executor.parallel:closing loop
[12.146s] DEBUG:colcon.colcon_parallel_executor.executor.parallel:loop closed
[12.146s] DEBUG:colcon.colcon_parallel_executor.executor.parallel:run_until_complete finished with '0'
[12.146s] DEBUG:colcon.colcon_core.event_reactor:joining thread
[12.154s] INFO:colcon.colcon_core.plugin_system:Skipping extension 'colcon_notification.desktop_notification.terminal_notifier': Not used on non-Darwin systems
[12.154s] INFO:colcon.colcon_core.plugin_system:Skipping extension 'colcon_notification.desktop_notification.win32': Not used on non-Windows systems
[12.154s] INFO:colcon.colcon_notification.desktop_notification:Sending desktop notification using 'notify2'
[12.173s] DEBUG:colcon.colcon_core.event_reactor:joined thread
[12.174s] INFO:colcon.colcon_core.shell:Creating prefix script '/home/petpooja-951/amrsim_ws/install/local_setup.ps1'
[12.175s] INFO:colcon.colcon_core.shell:Creating prefix util module '/home/petpooja-951/amrsim_ws/install/_local_setup_util_ps1.py'
[12.178s] INFO:colcon.colcon_core.shell:Creating prefix chain script '/home/petpooja-951/amrsim_ws/install/setup.ps1'
[12.180s] INFO:colcon.colcon_core.shell:Creating prefix script '/home/petpooja-951/amrsim_ws/install/local_setup.sh'
[12.180s] INFO:colcon.colcon_core.shell:Creating prefix util module '/home/petpooja-951/amrsim_ws/install/_local_setup_util_sh.py'
[12.181s] INFO:colcon.colcon_core.shell:Creating prefix chain script '/home/petpooja-951/amrsim_ws/install/setup.sh'
[12.182s] INFO:colcon.colcon_core.shell:Creating prefix script '/home/petpooja-951/amrsim_ws/install/local_setup.bash'
[12.182s] INFO:colcon.colcon_core.shell:Creating prefix chain script '/home/petpooja-951/amrsim_ws/install/setup.bash'
[12.183s] INFO:colcon.colcon_core.shell:Creating prefix script '/home/petpooja-951/amrsim_ws/install/local_setup.zsh'
[12.183s] INFO:colcon.colcon_core.shell:Creating prefix chain script '/home/petpooja-951/amrsim_ws/install/setup.zsh'
